signin.aws.amazon.com
cloudfront.net
s3.amazonaws.com
awsstatic.com
console.aws.a2z.com
amazonaws.com
awsapps.com
sso.amazonaws.com
cloudfront.net
deadbydaylight.com
deadbydaylight.fandom.com
argotunnel.com
browser.run
cfargotunnel.com
cfdata.org
cfl.re
cfx.re
cloudflare-dns.com
cloudflare-ech.com
cloudflare-esni.com
cloudflare-gateway.com
cloudflare-quic.com
cloudflare-terms-of-service-abuse.com
cloudflare.com
cloudflare.dev
cloudflare.net
cloudflare.tv
cloudflareaccess.com
cloudflareapps.com
cloudflarebolt.com
cloudflarebrowser.com
cloudflarechallenge.com
cloudflareclient.com
cloudflarecp.com
cloudflareinsights.com
cloudflareok.com
cloudflarepartners.com
cloudflareportal.com
cloudflarepreview.com
cloudflareregistrar.com
cloudflareresearch.com
cloudflareresolve.com
cloudflaressl.com
cloudflarestatus.com
cloudflarestorage.com
cloudflarestream.com
cloudflaresupport.com
cloudflaretest.com
cloudflarewarp.com
cloudflareworkers.com
encryptedsni.com
every1dns.net
imagedelivery.net
isbgpsafeyet.com
one.one.one
pacloudflare.com
pages.dev
r2.dev
trycloudflare.com
videodelivery.net
warp.plus
workers.dev
