api.soundcloud.com
api-auth.soundcloud.com
api-mobile.soundcloud.com
api-partners.soundcloud.com
api-playback.soundcloud.com
api-insights.soundcloud.com
api-labs.soundcloud.com
api-deck.soundcloud.com
api-curators.soundcloud.com
artist.soundcloud.com
artists.soundcloud.com
blog.soundcloud.com
careers.soundcloud.com
community.soundcloud.com
contest.soundcloud.com
dashboard.soundcloud.com
accounts.soundcloud.com
advertising.soundcloud.com
assets.soundcloud.com
media.soundcloud.com
notifications.soundcloud.com
premium.soundcloud.com
player.soundcloud.com
sign-in.soundcloud.com
backstage.soundcloud.com
attachments.soundcloud.com
help.soundcloud.com
links.account.soundcloud.com
openmic.soundcloud.com
soundcloud.com
soundcloud.net
soundcloud.org
soundcloud.cloud
sndcdn.com
soundcloudmail.com
